<?xml version="1.0" encoding="UTF-8"?>
<testsuite xmlns:xsi="http://www.w3.org/2001/XMLSchema-instance" xsi:noNamespaceSchemaLocation="https://maven.apache.org/surefire/maven-surefire-plugin/xsd/surefire-test-report.xsd" name="com.java8study.chapter08.TestLambda" time="0.062" tests="3" errors="0" skipped="0" failures="0">
  <properties>
    <property name="sun.desktop" value="windows"/>
    <property name="awt.toolkit" value="sun.awt.windows.WToolkit"/>
    <property name="file.encoding.pkg" value="sun.io"/>
    <property name="java.specification.version" value="1.8"/>
    <property name="sun.cpu.isalist" value="amd64"/>
    <property name="sun.jnu.encoding" value="Cp1252"/>
    <property name="java.class.path" value="E:\JavaDevelopment\Java8InActionWorkspace\Chapter08RefactoringTestingDebugging\target\test-classes;E:\JavaDevelopment\Java8InActionWorkspace\Chapter08RefactoringTestingDebugging\target\classes;C:\Users\LTAdmin\.m2\repository\junit\junit\4.11\junit-4.11.jar;C:\Users\LTAdmin\.m2\repository\org\hamcrest\hamcrest-core\1.3\hamcrest-core-1.3.jar;"/>
    <property name="java.vm.vendor" value="Oracle Corporation"/>
    <property name="sun.arch.data.model" value="64"/>
    <property name="user.variant" value=""/>
    <property name="java.vendor.url" value="http://java.oracle.com/"/>
    <property name="user.timezone" value=""/>
    <property name="java.vm.specification.version" value="1.8"/>
    <property name="os.name" value="Windows 7"/>
    <property name="user.country" value="US"/>
    <property name="sun.java.launcher" value="SUN_STANDARD"/>
    <property name="sun.boot.library.path" value="C:\Java\jdk1.8.0_131\jre\bin"/>
    <property name="sun.java.command" value="C:\Users\LTAdmin\AppData\Local\Temp\surefire9185678591688844610\surefirebooter1690982163534240581.jar C:\Users\LTAdmin\AppData\Local\Temp\surefire9185678591688844610 2018-04-19T22-38-06_147-jvmRun1 surefire2392633719125570499tmp surefire_08280222448526215526tmp"/>
    <property name="surefire.test.class.path" value="E:\JavaDevelopment\Java8InActionWorkspace\Chapter08RefactoringTestingDebugging\target\test-classes;E:\JavaDevelopment\Java8InActionWorkspace\Chapter08RefactoringTestingDebugging\target\classes;C:\Users\LTAdmin\.m2\repository\junit\junit\4.11\junit-4.11.jar;C:\Users\LTAdmin\.m2\repository\org\hamcrest\hamcrest-core\1.3\hamcrest-core-1.3.jar;"/>
    <property name="sun.cpu.endian" value="little"/>
    <property name="user.home" value="C:\Users\LTAdmin"/>
    <property name="user.language" value="en"/>
    <property name="java.specification.vendor" value="Oracle Corporation"/>
    <property name="java.home" value="C:\Java\jdk1.8.0_131\jre"/>
    <property name="basedir" value="E:\JavaDevelopment\Java8InActionWorkspace\Chapter08RefactoringTestingDebugging"/>
    <property name="file.separator" value="\"/>
    <property name="line.separator" value="&#10;"/>
    <property name="java.vm.specification.vendor" value="Oracle Corporation"/>
    <property name="java.specification.name" value="Java Platform API Specification"/>
    <property name="java.awt.graphicsenv" value="sun.awt.Win32GraphicsEnvironment"/>
    <property name="surefire.real.class.path" value="C:\Users\LTAdmin\AppData\Local\Temp\surefire9185678591688844610\surefirebooter1690982163534240581.jar"/>
    <property name="sun.boot.class.path" value="C:\Java\jdk1.8.0_131\jre\lib\resources.jar;C:\Java\jdk1.8.0_131\jre\lib\rt.jar;C:\Java\jdk1.8.0_131\jre\lib\sunrsasign.jar;C:\Java\jdk1.8.0_131\jre\lib\jsse.jar;C:\Java\jdk1.8.0_131\jre\lib\jce.jar;C:\Java\jdk1.8.0_131\jre\lib\charsets.jar;C:\Java\jdk1.8.0_131\jre\lib\jfr.jar;C:\Java\jdk1.8.0_131\jre\classes"/>
    <property name="user.script" value=""/>
    <property name="sun.management.compiler" value="HotSpot 64-Bit Tiered Compilers"/>
    <property name="java.runtime.version" value="1.8.0_131-b11"/>
    <property name="user.name" value="LTAdmin"/>
    <property name="path.separator" value=";"/>
    <property name="os.version" value="6.1"/>
    <property name="java.endorsed.dirs" value="C:\Java\jdk1.8.0_131\jre\lib\endorsed"/>
    <property name="java.runtime.name" value="Java(TM) SE Runtime Environment"/>
    <property name="file.encoding" value="Cp1252"/>
    <property name="java.vm.name" value="Java HotSpot(TM) 64-Bit Server VM"/>
    <property name="localRepository" value="C:\Users\LTAdmin\.m2\repository"/>
    <property name="java.vendor.url.bug" value="http://bugreport.sun.com/bugreport/"/>
    <property name="java.io.tmpdir" value="C:\Users\LTAdmin\AppData\Local\Temp\"/>
    <property name="java.version" value="1.8.0_131"/>
    <property name="user.dir" value="E:\JavaDevelopment\Java8InActionWorkspace\Chapter08RefactoringTestingDebugging"/>
    <property name="os.arch" value="amd64"/>
    <property name="java.vm.specification.name" value="Java Virtual Machine Specification"/>
    <property name="java.awt.printerjob" value="sun.awt.windows.WPrinterJob"/>
    <property name="sun.os.patch.level" value="Service Pack 1"/>
    <property name="java.library.path" value="C:\Java\jdk1.8.0_131\jre\bin;C:\Windows\Sun\Java\bin;C:\Windows\system32;C:\Windows;C:/Java/jdk1.8.0_131/bin/../jre/bin/server;C:/Java/jdk1.8.0_131/bin/../jre/bin;C:/Java/jdk1.8.0_131/bin/../jre/lib/amd64;E:\Program_Files\MySQL;E:\Program_Files\MySQL\bin;C:\Java\jdk1.8.0_131\bin;C:\Program Files\MongoDB\Server\3.4\bin;e:\Program_Files\Git;E:\Program_Files\Git\bin;C:\maven\apache-maven-3.5.0\bin;C:\Python\Python34;C:\maven\apache-maven-3.5.0/bin;C:\ProgramData\Oracle\Java\javapath;C:\Perl64\site\bin;C:\Perl64\bin;C:\Program Files (x86)\Intel\iCLS Client\;C:\Program Files\Intel\iCLS Client\;C:\Windows\system32;C:\Windows;C:\Windows\System32\Wbem;C:\Windows\System32\WindowsPowerShell\v1.0\;C:\Program Files\Intel\Intel(R) Management Engine Components\DAL;C:\Program Files\Intel\Intel(R) Management Engine Components\IPT;C:\Program Files (x86)\Intel\Intel(R) Management Engine Components\DAL;C:\Program Files (x86)\Intel\Intel(R) Management Engine Components\IPT;C:\Program Files (x86)\NVIDIA Corporation\PhysX\Common;C:\Program Files (x86)\Skype\Phone\;C:\maven\apache-maven-3.5.0/bin;E:\Program_Files\GIMP_2\bin;C:\Program Files (x86)\QuickTime\QTSystem\;C:\Program Files\SourceGear\Common\DiffMerge\;E:\Program_Files\7zip\7-Zip;E:\Program_Files\curl-7.54.0-win64-mingw\bin;C:\Apache\apache-tomcat-8.5.14\bin;C:\GlassFish\glassfish412\bin;C:\jboss_wildfly\wildfly-11.0.0.Final\bin;C:\mean\nodejs\;C:\Program Files\Microsoft_VS_Code;C:\Users\LTAdmin\AppData\Roaming\npm;C:\Program Files\Microsoft_VS_Code\bin;C:\Windows\system32;;."/>
    <property name="java.vm.info" value="mixed mode"/>
    <property name="java.vendor" value="Oracle Corporation"/>
    <property name="java.vm.version" value="25.131-b11"/>
    <property name="java.ext.dirs" value="C:\Java\jdk1.8.0_131\jre\lib\ext;C:\Windows\Sun\Java\lib\ext"/>
    <property name="sun.io.unicode.encoding" value="UnicodeLittle"/>
    <property name="java.class.version" value="52.0"/>
  </properties>
  <testcase name="testComparingTwoPoints" classname="com.java8study.chapter08.TestLambda" time="0.046"/>
  <testcase name="testMoveAllPointsRightBy" classname="com.java8study.chapter08.TestLambda" time="0.011"/>
  <testcase name="testMoveRightBy" classname="com.java8study.chapter08.TestLambda" time="0"/>
</testsuite>